<?xml version="1.0" encoding="UTF-8"?>
<!-- Generated by org.testng.reporters.JUnitXMLReporter -->
<testsuite ignored="0" hostname="DESKTOP-AOENI2B" failures="0" tests="4" name="Test" time="0.282" errors="0" timestamp="2022-11-20T16:31:21 WIB">
  <testcase classname="com.dhimas.belajar.v2.KalkulatorTest" name="testmodulus" time="0.041"/>
  <testcase classname="com.dhimas.belajar.v2.KalkulatorTest" name="testpembagian" time="0.007"/>
  <testcase classname="com.dhimas.belajar.v2.KalkulatorTest" name="testpengurangan" time="0.009"/>
  <testcase classname="com.dhimas.belajar.v2.KalkulatorTest" name="testpenjumlahan" time="0.01"/>
</testsuite> <!-- Test -->
