<?xml version="1.0" encoding="UTF-8"?>
<testng-results ignored="0" total="4" passed="4" failed="0" skipped="0">
  <reporter-output>
  </reporter-output>
  <suite started-at="2022-11-20T16:31:21 WIB" name="Suite" finished-at="2022-11-20T16:31:21 WIB" duration-ms="282">
    <groups>
    </groups>
    <test started-at="2022-11-20T16:31:21 WIB" name="Test" finished-at="2022-11-20T16:31:21 WIB" duration-ms="282">
      <class name="com.dhimas.belajar.v2.KalkulatorTest">
        <test-method signature="testmodulus()[pri:0, instance:com.dhimas.belajar.v2.KalkulatorTest@20f5239f]" started-at="2022-11-20T16:31:21 WIB" name="testmodulus" finished-at="2022-11-20T16:31:21 WIB" duration-ms="41" status="PASS">
          <reporter-output>
          </reporter-output>
        </test-method> <!-- testmodulus -->
        <test-method signature="testpembagian()[pri:0, instance:com.dhimas.belajar.v2.KalkulatorTest@20f5239f]" started-at="2022-11-20T16:31:21 WIB" name="testpembagian" finished-at="2022-11-20T16:31:21 WIB" duration-ms="7" status="PASS">
          <reporter-output>
          </reporter-output>
        </test-method> <!-- testpembagian -->
        <test-method signature="testpengurangan()[pri:0, instance:com.dhimas.belajar.v2.KalkulatorTest@20f5239f]" started-at="2022-11-20T16:31:21 WIB" name="testpengurangan" finished-at="2022-11-20T16:31:21 WIB" duration-ms="9" status="PASS">
          <reporter-output>
          </reporter-output>
        </test-method> <!-- testpengurangan -->
        <test-method signature="testpenjumlahan()[pri:0, instance:com.dhimas.belajar.v2.KalkulatorTest@20f5239f]" started-at="2022-11-20T16:31:21 WIB" name="testpenjumlahan" finished-at="2022-11-20T16:31:21 WIB" duration-ms="10" status="PASS">
          <reporter-output>
          </reporter-output>
        </test-method> <!-- testpenjumlahan -->
      </class> <!-- com.dhimas.belajar.v2.KalkulatorTest -->
    </test> <!-- Test -->
  </suite> <!-- Suite -->
</testng-results>
