<?xml version="1.0" encoding="UTF-8"?>
<testng-results ignored="0" total="1" passed="1" failed="0" skipped="0">
  <reporter-output>
  </reporter-output>
  <suite started-at="2022-11-25T18:25:55 WIB" name="Default suite" finished-at="2022-11-25T18:26:29 WIB" duration-ms="34702">
    <groups>
    </groups>
    <test started-at="2022-11-25T18:25:55 WIB" name="Default test" finished-at="2022-11-25T18:26:29 WIB" duration-ms="34702">
      <class name="com.dhimas.belajar.v2.PostTest13">
        <test-method signature="posttest13()[pri:0, instance:com.dhimas.belajar.v2.PostTest13@4659191b]" started-at="2022-11-25T18:25:55 WIB" name="posttest13" finished-at="2022-11-25T18:26:29 WIB" duration-ms="34490" status="PASS">
          <reporter-output>
          </reporter-output>
        </test-method> <!-- posttest13 -->
      </class> <!-- com.dhimas.belajar.v2.PostTest13 -->
    </test> <!-- Default test -->
  </suite> <!-- Default suite -->
</testng-results>
